{"/home/luan/Documentos/CleanArchictecureCourse/example1/example1_after.js": {"path":"/home/luan/Documentos/CleanArchictecureCourse/example1/example1_after.js","statementMap":{"0":{"start":{"line":2,"column":23},"end":{"line":2,"column":27}},"1":{"start":{"line":3,"column":20},"end":{"line":3,"column":23}},"2":{"start":{"line":4,"column":20},"end":{"line":4,"column":24}},"3":{"start":{"line":6,"column":20},"end":{"line":8,"column":1}},"4":{"start":{"line":7,"column":4},"end":{"line":7,"column":33}},"5":{"start":{"line":10,"column":17},"end":{"line":12,"column":1}},"6":{"start":{"line":11,"column":4},"end":{"line":11,"column":31}},"7":{"start":{"line":14,"column":22},"end":{"line":16,"column":1}},"8":{"start":{"line":15,"column":4},"end":{"line":15,"column":27}},"9":{"start":{"line":18,"column":22},"end":{"line":23,"column":1}},"10":{"start":{"line":19,"column":4},"end":{"line":19,"column":75}},"11":{"start":{"line":19,"column":38},"end":{"line":19,"column":75}},"12":{"start":{"line":20,"column":4},"end":{"line":20,"column":74}},"13":{"start":{"line":20,"column":27},"end":{"line":20,"column":74}},"14":{"start":{"line":21,"column":4},"end":{"line":21,"column":68}},"15":{"start":{"line":21,"column":24},"end":{"line":21,"column":68}},"16":{"start":{"line":22,"column":4},"end":{"line":22,"column":48}},"17":{"start":{"line":25,"column":0},"end":{"line":29,"column":1}}},"fnMap":{"0":{"name":"(anonymous_0)","decl":{"start":{"line":6,"column":20},"end":{"line":6,"column":21}},"loc":{"start":{"line":6,"column":36},"end":{"line":8,"column":1}},"line":6},"1":{"name":"(anonymous_1)","decl":{"start":{"line":10,"column":17},"end":{"line":10,"column":18}},"loc":{"start":{"line":10,"column":33},"end":{"line":12,"column":1}},"line":10},"2":{"name":"(anonymous_2)","decl":{"start":{"line":14,"column":22},"end":{"line":14,"column":23}},"loc":{"start":{"line":14,"column":48},"end":{"line":16,"column":1}},"line":14},"3":{"name":"(anonymous_3)","decl":{"start":{"line":18,"column":22},"end":{"line":18,"column":23}},"loc":{"start":{"line":18,"column":47},"end":{"line":23,"column":1}},"line":18}},"branchMap":{"0":{"loc":{"start":{"line":19,"column":4},"end":{"line":19,"column":75}},"type":"if","locations":[{"start":{"line":19,"column":4},"end":{"line":19,"column":75}},{"start":{},"end":{}}],"line":19},"1":{"loc":{"start":{"line":20,"column":4},"end":{"line":20,"column":74}},"type":"if","locations":[{"start":{"line":20,"column":4},"end":{"line":20,"column":74}},{"start":{},"end":{}}],"line":20},"2":{"loc":{"start":{"line":21,"column":4},"end":{"line":21,"column":68}},"type":"if","locations":[{"start":{"line":21,"column":4},"end":{"line":21,"column":68}},{"start":{},"end":{}}],"line":21}},"s":{"0":1,"1":1,"2":1,"3":1,"4":4,"5":1,"6":3,"7":1,"8":3,"9":1,"10":4,"11":1,"12":3,"13":1,"14":2,"15":1,"16":1,"17":1},"f":{"0":4,"1":3,"2":3,"3":4},"b":{"0":[1,3],"1":[1,2],"2":[1,1]},"_coverageSchema":"1a1c01bbd47fc00a2c39e90264f33305004495a9","hash":"756f0c54a0a97ae8bca0a527a289f665469a8763"}
,"/home/luan/Documentos/CleanArchictecureCourse/example2/example2_after.js": {"path":"/home/luan/Documentos/CleanArchictecureCourse/example2/example2_after.js","statementMap":{"0":{"start":{"line":1,"column":25},"end":{"line":1,"column":27}},"1":{"start":{"line":2,"column":36},"end":{"line":2,"column":38}},"2":{"start":{"line":3,"column":37},"end":{"line":3,"column":39}},"3":{"start":{"line":6,"column":4},"end":{"line":6,"column":33}},"4":{"start":{"line":10,"column":25},"end":{"line":10,"column":28}},"5":{"start":{"line":11,"column":4},"end":{"line":11,"column":50}},"6":{"start":{"line":11,"column":33},"end":{"line":11,"column":49}},"7":{"start":{"line":15,"column":15},"end":{"line":15,"column":16}},"8":{"start":{"line":16,"column":4},"end":{"line":18,"column":5}},"9":{"start":{"line":17,"column":8},"end":{"line":17,"column":56}},"10":{"start":{"line":17,"column":23},"end":{"line":17,"column":56}},"11":{"start":{"line":19,"column":17},"end":{"line":19,"column":25}},"12":{"start":{"line":20,"column":4},"end":{"line":20,"column":37}},"13":{"start":{"line":24,"column":4},"end":{"line":24,"column":23}},"14":{"start":{"line":28,"column":2},"end":{"line":28,"column":25}},"15":{"start":{"line":28,"column":12},"end":{"line":28,"column":25}},"16":{"start":{"line":29,"column":19},"end":{"line":29,"column":32}},"17":{"start":{"line":30,"column":2},"end":{"line":30,"column":59}},"18":{"start":{"line":30,"column":46},"end":{"line":30,"column":59}},"19":{"start":{"line":31,"column":2},"end":{"line":31,"column":47}},"20":{"start":{"line":31,"column":34},"end":{"line":31,"column":47}},"21":{"start":{"line":32,"column":29},"end":{"line":32,"column":83}},"22":{"start":{"line":33,"column":30},"end":{"line":33,"column":85}},"23":{"start":{"line":34,"column":24},"end":{"line":34,"column":56}},"24":{"start":{"line":35,"column":33},"end":{"line":35,"column":78}},"25":{"start":{"line":36,"column":2},"end":{"line":36,"column":49}},"26":{"start":{"line":39,"column":0},"end":{"line":41,"column":2}},"27":{"start":{"line":43,"column":0},"end":{"line":43,"column":40}},"28":{"start":{"line":44,"column":0},"end":{"line":44,"column":40}},"29":{"start":{"line":45,"column":0},"end":{"line":45,"column":40}}},"fnMap":{"0":{"name":"cleanCpf","decl":{"start":{"line":5,"column":9},"end":{"line":5,"column":17}},"loc":{"start":{"line":5,"column":25},"end":{"line":7,"column":1}},"line":5},"1":{"name":"areDigitEquals","decl":{"start":{"line":9,"column":9},"end":{"line":9,"column":23}},"loc":{"start":{"line":9,"column":30},"end":{"line":12,"column":1}},"line":9},"2":{"name":"(anonymous_2)","decl":{"start":{"line":11,"column":26},"end":{"line":11,"column":27}},"loc":{"start":{"line":11,"column":33},"end":{"line":11,"column":49}},"line":11},"3":{"name":"calculateDigit","decl":{"start":{"line":14,"column":9},"end":{"line":14,"column":23}},"loc":{"start":{"line":14,"column":37},"end":{"line":21,"column":1}},"line":14},"4":{"name":"extractVerifierDigit","decl":{"start":{"line":23,"column":9},"end":{"line":23,"column":29}},"loc":{"start":{"line":23,"column":35},"end":{"line":25,"column":1}},"line":23},"5":{"name":"validate","decl":{"start":{"line":27,"column":9},"end":{"line":27,"column":17}},"loc":{"start":{"line":27,"column":23},"end":{"line":37,"column":1}},"line":27}},"branchMap":{"0":{"loc":{"start":{"line":17,"column":8},"end":{"line":17,"column":56}},"type":"if","locations":[{"start":{"line":17,"column":8},"end":{"line":17,"column":56}},{"start":{},"end":{}}],"line":17},"1":{"loc":{"start":{"line":20,"column":11},"end":{"line":20,"column":37}},"type":"cond-expr","locations":[{"start":{"line":20,"column":22},"end":{"line":20,"column":23}},{"start":{"line":20,"column":27},"end":{"line":20,"column":36}}],"line":20},"2":{"loc":{"start":{"line":28,"column":2},"end":{"line":28,"column":25}},"type":"if","locations":[{"start":{"line":28,"column":2},"end":{"line":28,"column":25}},{"start":{},"end":{}}],"line":28},"3":{"loc":{"start":{"line":30,"column":2},"end":{"line":30,"column":59}},"type":"if","locations":[{"start":{"line":30,"column":2},"end":{"line":30,"column":59}},{"start":{},"end":{}}],"line":30},"4":{"loc":{"start":{"line":31,"column":2},"end":{"line":31,"column":47}},"type":"if","locations":[{"start":{"line":31,"column":2},"end":{"line":31,"column":47}},{"start":{},"end":{}}],"line":31}},"s":{"0":1,"1":1,"2":1,"3":7,"4":5,"5":5,"6":19,"7":8,"8":8,"9":88,"10":76,"11":8,"12":8,"13":4,"14":9,"15":2,"16":7,"17":7,"18":2,"19":5,"20":1,"21":4,"22":4,"23":4,"24":4,"25":4,"26":1,"27":1,"28":1,"29":1},"f":{"0":7,"1":5,"2":19,"3":8,"4":4,"5":9},"b":{"0":[76,12],"1":[2,6],"2":[2,7],"3":[2,5],"4":[1,4]},"_coverageSchema":"1a1c01bbd47fc00a2c39e90264f33305004495a9","hash":"0fbffdcdc0fe752ecf449a4db7a63ee3b3caca33"}
}
