TN:
SF:example1/example1_after.js
FN:6,(anonymous_0)
FN:10,(anonymous_1)
FN:14,(anonymous_2)
FN:18,(anonymous_3)
FNF:4
FNH:4
FNDA:4,(anonymous_0)
FNDA:3,(anonymous_1)
FNDA:3,(anonymous_2)
FNDA:4,(anonymous_3)
DA:2,1
DA:3,1
DA:4,1
DA:6,1
DA:7,4
DA:10,1
DA:11,3
DA:14,1
DA:15,3
DA:18,1
DA:19,4
DA:20,3
DA:21,2
DA:22,1
DA:25,1
LF:15
LH:15
BRDA:19,0,0,1
BRDA:19,0,1,3
BRDA:20,1,0,1
BRDA:20,1,1,2
BRDA:21,2,0,1
BRDA:21,2,1,1
BRF:6
BRH:6
end_of_record
TN:
SF:example2/example2_after.js
FN:5,cleanCpf
FN:9,areDigitEquals
FN:11,(anonymous_2)
FN:14,calculateDigit
FN:23,extractVerifierDigit
FN:27,validate
FNF:6
FNH:6
FNDA:7,cleanCpf
FNDA:5,areDigitEquals
FNDA:19,(anonymous_2)
FNDA:8,calculateDigit
FNDA:4,extractVerifierDigit
FNDA:9,validate
DA:1,1
DA:2,1
DA:3,1
DA:6,7
DA:10,5
DA:11,19
DA:15,8
DA:16,8
DA:17,88
DA:19,8
DA:20,8
DA:24,4
DA:28,9
DA:29,7
DA:30,7
DA:31,5
DA:32,4
DA:33,4
DA:34,4
DA:35,4
DA:36,4
DA:39,1
DA:43,1
DA:44,1
DA:45,1
LF:25
LH:25
BRDA:17,0,0,76
BRDA:17,0,1,12
BRDA:20,1,0,2
BRDA:20,1,1,6
BRDA:28,2,0,2
BRDA:28,2,1,7
BRDA:30,3,0,2
BRDA:30,3,1,5
BRDA:31,4,0,1
BRDA:31,4,1,4
BRF:10
BRH:10
end_of_record
